<?xml version="1.0" encoding="UTF-8"?>
<testsuite xmlns:xsi="http://www.w3.org/2001/XMLSchema-instance" xsi:noNamespaceSchemaLocation="https://maven.apache.org/surefire/maven-surefire-plugin/xsd/surefire-test-report-3.0.xsd" version="3.0" name="TestSuite" time="1.051" tests="1" errors="0" skipped="0" failures="1">
  <properties>
    <property name="cucumber.features" value="/DSAlgoProject/src/test/java/features"/>
    <property name="java.specification.version" value="17"/>
    <property name="sun.cpu.isalist" value="amd64"/>
    <property name="sun.jnu.encoding" value="Cp1252"/>
    <property name="java.class.path" value="C:\Users\geeta\OneDrive\Desktop\RSA\DSAlgoProject\target\test-classes;C:\Users\geeta\OneDrive\Desktop\RSA\DSAlgoProject\target\classes;C:\Users\geeta\.m2\repository\io\cucumber\cucumber-java\7.15.0\cucumber-java-7.15.0.jar;C:\Users\geeta\.m2\repository\io\cucumber\cucumber-core\7.15.0\cucumber-core-7.15.0.jar;C:\Users\geeta\.m2\repository\io\cucumber\cucumber-gherkin\7.15.0\cucumber-gherkin-7.15.0.jar;C:\Users\geeta\.m2\repository\io\cucumber\cucumber-gherkin-messages\7.15.0\cucumber-gherkin-messages-7.15.0.jar;C:\Users\geeta\.m2\repository\io\cucumber\messages\22.0.0\messages-22.0.0.jar;C:\Users\geeta\.m2\repository\io\cucumber\tag-expressions\6.0.0\tag-expressions-6.0.0.jar;C:\Users\geeta\.m2\repository\io\cucumber\cucumber-expressions\17.0.1\cucumber-expressions-17.0.1.jar;C:\Users\geeta\.m2\repository\io\cucumber\datatable\7.15.0\datatable-7.15.0.jar;C:\Users\geeta\.m2\repository\io\cucumber\cucumber-plugin\7.15.0\cucumber-plugin-7.15.0.jar;C:\Users\geeta\.m2\repository\io\cucumber\docstring\7.15.0\docstring-7.15.0.jar;C:\Users\geeta\.m2\repository\io\cucumber\html-formatter\20.4.0\html-formatter-20.4.0.jar;C:\Users\geeta\.m2\repository\io\cucumber\junit-xml-formatter\0.2.0\junit-xml-formatter-0.2.0.jar;C:\Users\geeta\.m2\repository\io\cucumber\ci-environment\10.0.0\ci-environment-10.0.0.jar;C:\Users\geeta\.m2\repository\org\apiguardian\apiguardian-api\1.1.2\apiguardian-api-1.1.2.jar;C:\Users\geeta\.m2\repository\org\seleniumhq\selenium\selenium-java\4.16.1\selenium-java-4.16.1.jar;C:\Users\geeta\.m2\repository\org\seleniumhq\selenium\selenium-api\4.16.1\selenium-api-4.16.1.jar;C:\Users\geeta\.m2\repository\org\seleniumhq\selenium\selenium-chrome-driver\4.16.1\selenium-chrome-driver-4.16.1.jar;C:\Users\geeta\.m2\repository\com\google\auto\service\auto-service-annotations\1.1.1\auto-service-annotations-1.1.1.jar;C:\Users\geeta\.m2\repository\org\seleniumhq\selenium\selenium-chromium-driver\4.16.1\selenium-chromium-driver-4.16.1.jar;C:\Users\geeta\.m2\repository\org\seleniumhq\selenium\selenium-json\4.16.1\selenium-json-4.16.1.jar;C:\Users\geeta\.m2\repository\org\seleniumhq\selenium\selenium-manager\4.16.1\selenium-manager-4.16.1.jar;C:\Users\geeta\.m2\repository\org\seleniumhq\selenium\selenium-devtools-v118\4.16.1\selenium-devtools-v118-4.16.1.jar;C:\Users\geeta\.m2\repository\org\seleniumhq\selenium\selenium-devtools-v119\4.16.1\selenium-devtools-v119-4.16.1.jar;C:\Users\geeta\.m2\repository\org\seleniumhq\selenium\selenium-devtools-v120\4.16.1\selenium-devtools-v120-4.16.1.jar;C:\Users\geeta\.m2\repository\org\seleniumhq\selenium\selenium-devtools-v85\4.16.1\selenium-devtools-v85-4.16.1.jar;C:\Users\geeta\.m2\repository\org\seleniumhq\selenium\selenium-edge-driver\4.16.1\selenium-edge-driver-4.16.1.jar;C:\Users\geeta\.m2\repository\org\seleniumhq\selenium\selenium-firefox-driver\4.16.1\selenium-firefox-driver-4.16.1.jar;C:\Users\geeta\.m2\repository\org\seleniumhq\selenium\selenium-http\4.16.1\selenium-http-4.16.1.jar;C:\Users\geeta\.m2\repository\dev\failsafe\failsafe\3.3.2\failsafe-3.3.2.jar;C:\Users\geeta\.m2\repository\org\seleniumhq\selenium\selenium-ie-driver\4.16.1\selenium-ie-driver-4.16.1.jar;C:\Users\geeta\.m2\repository\org\seleniumhq\selenium\selenium-remote-driver\4.16.1\selenium-remote-driver-4.16.1.jar;C:\Users\geeta\.m2\repository\com\google\guava\guava\32.1.2-jre\guava-32.1.2-jre.jar;C:\Users\geeta\.m2\repository\com\google\guava\failureaccess\1.0.1\failureaccess-1.0.1.jar;C:\Users\geeta\.m2\repository\com\google\guava\listenablefuture\9999.0-empty-to-avoid-conflict-with-guava\listenablefuture-9999.0-empty-to-avoid-conflict-with-guava.jar;C:\Users\geeta\.m2\repository\com\google\code\findbugs\jsr305\3.0.2\jsr305-3.0.2.jar;C:\Users\geeta\.m2\repository\org\checkerframework\checker-qual\3.33.0\checker-qual-3.33.0.jar;C:\Users\geeta\.m2\repository\com\google\errorprone\error_prone_annotations\2.18.0\error_prone_annotations-2.18.0.jar;C:\Users\geeta\.m2\repository\com\google\j2objc\j2objc-annotations\2.8\j2objc-annotations-2.8.jar;C:\Users\geeta\.m2\repository\io\opentelemetry\opentelemetry-api\1.28.0\opentelemetry-api-1.28.0.jar;C:\Users\geeta\.m2\repository\io\opentelemetry\opentelemetry-context\1.28.0\opentelemetry-context-1.28.0.jar;C:\Users\geeta\.m2\repository\io\opentelemetry\opentelemetry-exporter-logging\1.28.0\opentelemetry-exporter-logging-1.28.0.jar;C:\Users\geeta\.m2\repository\io\opentelemetry\opentelemetry-sdk-metrics\1.28.0\opentelemetry-sdk-metrics-1.28.0.jar;C:\Users\geeta\.m2\repository\io\opentelemetry\opentelemetry-extension-incubator\1.28.0-alpha\opentelemetry-extension-incubator-1.28.0-alpha.jar;C:\Users\geeta\.m2\repository\io\opentelemetry\opentelemetry-sdk-logs\1.28.0\opentelemetry-sdk-logs-1.28.0.jar;C:\Users\geeta\.m2\repository\io\opentelemetry\opentelemetry-sdk-common\1.28.0\opentelemetry-sdk-common-1.28.0.jar;C:\Users\geeta\.m2\repository\io\opentelemetry\opentelemetry-sdk-extension-autoconfigure-spi\1.28.0\opentelemetry-sdk-extension-autoconfigure-spi-1.28.0.jar;C:\Users\geeta\.m2\repository\io\opentelemetry\opentelemetry-sdk-extension-autoconfigure\1.28.0\opentelemetry-sdk-extension-autoconfigure-1.28.0.jar;C:\Users\geeta\.m2\repository\io\opentelemetry\opentelemetry-api-events\1.28.0-alpha\opentelemetry-api-events-1.28.0-alpha.jar;C:\Users\geeta\.m2\repository\io\opentelemetry\opentelemetry-sdk-trace\1.28.0\opentelemetry-sdk-trace-1.28.0.jar;C:\Users\geeta\.m2\repository\io\opentelemetry\opentelemetry-sdk\1.28.0\opentelemetry-sdk-1.28.0.jar;C:\Users\geeta\.m2\repository\io\opentelemetry\opentelemetry-semconv\1.28.0-alpha\opentelemetry-semconv-1.28.0-alpha.jar;C:\Users\geeta\.m2\repository\net\bytebuddy\byte-buddy\1.14.5\byte-buddy-1.14.5.jar;C:\Users\geeta\.m2\repository\org\seleniumhq\selenium\selenium-os\4.16.1\selenium-os-4.16.1.jar;C:\Users\geeta\.m2\repository\org\apache\commons\commons-exec\1.3\commons-exec-1.3.jar;C:\Users\geeta\.m2\repository\org\seleniumhq\selenium\selenium-safari-driver\4.16.1\selenium-safari-driver-4.16.1.jar;C:\Users\geeta\.m2\repository\org\seleniumhq\selenium\selenium-support\4.16.1\selenium-support-4.16.1.jar;C:\Users\geeta\.m2\repository\io\cucumber\cucumber-testng\7.15.0\cucumber-testng-7.15.0.jar;C:\Users\geeta\.m2\repository\io\cucumber\cucumber-picocontainer\7.18.0\cucumber-picocontainer-7.18.0.jar;C:\Users\geeta\.m2\repository\org\picocontainer\picocontainer\2.15\picocontainer-2.15.jar;C:\Users\geeta\.m2\repository\org\testng\testng\7.7.1\testng-7.7.1.jar;C:\Users\geeta\.m2\repository\org\slf4j\slf4j-api\1.7.36\slf4j-api-1.7.36.jar;C:\Users\geeta\.m2\repository\com\beust\jcommander\1.82\jcommander-1.82.jar;C:\Users\geeta\.m2\repository\org\webjars\jquery\3.6.1\jquery-3.6.1.jar;C:\Users\geeta\.m2\repository\io\github\bonigarcia\webdrivermanager\5.6.2\webdrivermanager-5.6.2.jar;C:\Users\geeta\.m2\repository\com\google\code\gson\gson\2.10.1\gson-2.10.1.jar;C:\Users\geeta\.m2\repository\com\github\docker-java\docker-java\3.3.4\docker-java-3.3.4.jar;C:\Users\geeta\.m2\repository\com\github\docker-java\docker-java-core\3.3.4\docker-java-core-3.3.4.jar;C:\Users\geeta\.m2\repository\com\github\docker-java\docker-java-api\3.3.4\docker-java-api-3.3.4.jar;C:\Users\geeta\.m2\repository\com\fasterxml\jackson\core\jackson-annotations\2.10.3\jackson-annotations-2.10.3.jar;C:\Users\geeta\.m2\repository\com\fasterxml\jackson\core\jackson-databind\2.10.3\jackson-databind-2.10.3.jar;C:\Users\geeta\.m2\repository\com\fasterxml\jackson\core\jackson-core\2.10.3\jackson-core-2.10.3.jar;C:\Users\geeta\.m2\repository\org\bouncycastle\bcpkix-jdk18on\1.76\bcpkix-jdk18on-1.76.jar;C:\Users\geeta\.m2\repository\org\bouncycastle\bcprov-jdk18on\1.76\bcprov-jdk18on-1.76.jar;C:\Users\geeta\.m2\repository\org\bouncycastle\bcutil-jdk18on\1.76\bcutil-jdk18on-1.76.jar;C:\Users\geeta\.m2\repository\org\slf4j\jcl-over-slf4j\1.7.30\jcl-over-slf4j-1.7.30.jar;C:\Users\geeta\.m2\repository\com\github\docker-java\docker-java-transport-httpclient5\3.3.4\docker-java-transport-httpclient5-3.3.4.jar;C:\Users\geeta\.m2\repository\com\github\docker-java\docker-java-transport\3.3.4\docker-java-transport-3.3.4.jar;C:\Users\geeta\.m2\repository\net\java\dev\jna\jna\5.13.0\jna-5.13.0.jar;C:\Users\geeta\.m2\repository\org\brotli\dec\0.1.2\dec-0.1.2.jar;C:\Users\geeta\.m2\repository\org\apache\commons\commons-lang3\3.13.0\commons-lang3-3.13.0.jar;C:\Users\geeta\.m2\repository\org\apache\commons\commons-compress\1.24.0\commons-compress-1.24.0.jar;C:\Users\geeta\.m2\repository\org\apache\httpcomponents\client5\httpclient5\5.2.1\httpclient5-5.2.1.jar;C:\Users\geeta\.m2\repository\org\apache\httpcomponents\core5\httpcore5\5.2\httpcore5-5.2.jar;C:\Users\geeta\.m2\repository\org\apache\httpcomponents\core5\httpcore5-h2\5.2\httpcore5-h2-5.2.jar;C:\Users\geeta\.m2\repository\com\aventstack\extentreports\5.0.9\extentreports-5.0.9.jar;C:\Users\geeta\.m2\repository\io\reactivex\rxjava3\rxjava\3.0.4\rxjava-3.0.4.jar;C:\Users\geeta\.m2\repository\org\reactivestreams\reactive-streams\1.0.3\reactive-streams-1.0.3.jar;C:\Users\geeta\.m2\repository\org\freemarker\freemarker\2.3.30\freemarker-2.3.30.jar;C:\Users\geeta\.m2\repository\org\projectlombok\lombok\1.18.12\lombok-1.18.12.jar;C:\Users\geeta\.m2\repository\tech\grasshopper\extentreports-cucumber7-adapter\1.13.0\extentreports-cucumber7-adapter-1.13.0.jar;C:\Users\geeta\.m2\repository\com\aventstack\klov-reporter\5.0.9\klov-reporter-5.0.9.jar;C:\Users\geeta\.m2\repository\org\mongodb\mongodb-driver\3.6.4\mongodb-driver-3.6.4.jar;C:\Users\geeta\.m2\repository\org\mongodb\mongodb-driver-core\3.6.4\mongodb-driver-core-3.6.4.jar;C:\Users\geeta\.m2\repository\org\mongodb\bson\3.6.4\bson-3.6.4.jar;C:\Users\geeta\.m2\repository\org\apache\httpcomponents\httpclient\4.5.13\httpclient-4.5.13.jar;C:\Users\geeta\.m2\repository\org\apache\httpcomponents\httpcore\4.4.13\httpcore-4.4.13.jar;C:\Users\geeta\.m2\repository\commons-logging\commons-logging\1.2\commons-logging-1.2.jar;C:\Users\geeta\.m2\repository\commons-codec\commons-codec\1.11\commons-codec-1.11.jar;C:\Users\geeta\.m2\repository\org\apache\httpcomponents\httpmime\4.5.13\httpmime-4.5.13.jar;C:\Users\geeta\.m2\repository\tech\grasshopper\htmlextentreporter\1.0.1\htmlextentreporter-1.0.1.jar;C:\Users\geeta\.m2\repository\tech\grasshopper\extent-excel-report\1.3.0\extent-excel-report-1.3.0.jar;C:\Users\geeta\.m2\repository\org\apache\poi\poi\5.2.3\poi-5.2.3.jar;C:\Users\geeta\.m2\repository\org\apache\commons\commons-collections4\4.4\commons-collections4-4.4.jar;C:\Users\geeta\.m2\repository\org\apache\commons\commons-math3\3.6.1\commons-math3-3.6.1.jar;C:\Users\geeta\.m2\repository\com\zaxxer\SparseBitSet\1.2\SparseBitSet-1.2.jar;C:\Users\geeta\.m2\repository\org\apache\logging\log4j\log4j-api\2.18.0\log4j-api-2.18.0.jar;C:\Users\geeta\.m2\repository\org\apache\poi\poi-ooxml\5.2.3\poi-ooxml-5.2.3.jar;C:\Users\geeta\.m2\repository\org\apache\poi\poi-ooxml-lite\5.2.3\poi-ooxml-lite-5.2.3.jar;C:\Users\geeta\.m2\repository\org\apache\xmlbeans\xmlbeans\5.1.1\xmlbeans-5.1.1.jar;C:\Users\geeta\.m2\repository\com\github\virtuald\curvesapi\1.07\curvesapi-1.07.jar;C:\Users\geeta\.m2\repository\tech\grasshopper\extent-pdf-report\2.11.0\extent-pdf-report-2.11.0.jar;C:\Users\geeta\.m2\repository\tech\grasshopper\cucumber-pdf-report\2.13.0\cucumber-pdf-report-2.13.0.jar;C:\Users\geeta\.m2\repository\org\apache\pdfbox\pdfbox\2.0.26\pdfbox-2.0.26.jar;C:\Users\geeta\.m2\repository\org\apache\pdfbox\fontbox\2.0.26\fontbox-2.0.26.jar;C:\Users\geeta\.m2\repository\org\knowm\xchart\xchart\3.8.0\xchart-3.8.0.jar;C:\Users\geeta\.m2\repository\de\erichseifert\vectorgraphics2d\VectorGraphics2D\0.13\VectorGraphics2D-0.13.jar;C:\Users\geeta\.m2\repository\de\rototor\pdfbox\graphics2d\0.30\graphics2d-0.30.jar;C:\Users\geeta\.m2\repository\com\madgag\animated-gif-lib\1.4\animated-gif-lib-1.4.jar;C:\Users\geeta\.m2\repository\org\yaml\snakeyaml\2.0\snakeyaml-2.0.jar;C:\Users\geeta\.m2\repository\tech\grasshopper\table-layout\1.5.1\table-layout-1.5.1.jar;C:\Users\geeta\.m2\repository\tech\grasshopper\rest-assured-cucumber-pdf-report\1.4.1\rest-assured-cucumber-pdf-report-1.4.1.jar;C:\Users\geeta\.m2\repository\org\jsoup\jsoup\1.15.3\jsoup-1.15.3.jar;C:\Users\geeta\.m2\repository\commons-io\commons-io\2.16.1\commons-io-2.16.1.jar;C:\Users\geeta\.m2\repository\io\qameta\allure\allure-cucumber7-jvm\2.25.0\allure-cucumber7-jvm-2.25.0.jar;C:\Users\geeta\.m2\repository\io\qameta\allure\allure-java-commons\2.25.0\allure-java-commons-2.25.0.jar;C:\Users\geeta\.m2\repository\io\qameta\allure\allure-model\2.25.0\allure-model-2.25.0.jar;C:\Users\geeta\.m2\repository\io\cucumber\gherkin\26.2.0\gherkin-26.2.0.jar;C:\Users\geeta\.m2\repository\io\qameta\allure\allure-testng\2.25.0\allure-testng-2.25.0.jar;C:\Users\geeta\.m2\repository\io\qameta\allure\allure-test-filter\2.25.0\allure-test-filter-2.25.0.jar;"/>
    <property name="java.vm.vendor" value="Oracle Corporation"/>
    <property name="sun.arch.data.model" value="64"/>
    <property name="user.variant" value=""/>
    <property name="java.vendor.url" value="https://java.oracle.com/"/>
    <property name="user.timezone" value="America/New_York"/>
    <property name="os.name" value="Windows 11"/>
    <property name="java.vm.specification.version" value="17"/>
    <property name="sun.java.launcher" value="SUN_STANDARD"/>
    <property name="user.country" value="US"/>
    <property name="sun.boot.library.path" value="C:\Program Files\Java\jdk-17\bin"/>
    <property name="sun.java.command" value="C:\Users\geeta\AppData\Local\Temp\surefire17910799626276764580\surefirebooter-20240610101658938_3.jar C:\Users\geeta\AppData\Local\Temp\surefire17910799626276764580 2024-06-10T10-16-58_801-jvmRun1 surefire-20240610101658938_1tmp surefire_0-20240610101658938_2tmp"/>
    <property name="jdk.debug" value="release"/>
    <property name="surefire.test.class.path" value="C:\Users\geeta\OneDrive\Desktop\RSA\DSAlgoProject\target\test-classes;C:\Users\geeta\OneDrive\Desktop\RSA\DSAlgoProject\target\classes;C:\Users\geeta\.m2\repository\io\cucumber\cucumber-java\7.15.0\cucumber-java-7.15.0.jar;C:\Users\geeta\.m2\repository\io\cucumber\cucumber-core\7.15.0\cucumber-core-7.15.0.jar;C:\Users\geeta\.m2\repository\io\cucumber\cucumber-gherkin\7.15.0\cucumber-gherkin-7.15.0.jar;C:\Users\geeta\.m2\repository\io\cucumber\cucumber-gherkin-messages\7.15.0\cucumber-gherkin-messages-7.15.0.jar;C:\Users\geeta\.m2\repository\io\cucumber\messages\22.0.0\messages-22.0.0.jar;C:\Users\geeta\.m2\repository\io\cucumber\tag-expressions\6.0.0\tag-expressions-6.0.0.jar;C:\Users\geeta\.m2\repository\io\cucumber\cucumber-expressions\17.0.1\cucumber-expressions-17.0.1.jar;C:\Users\geeta\.m2\repository\io\cucumber\datatable\7.15.0\datatable-7.15.0.jar;C:\Users\geeta\.m2\repository\io\cucumber\cucumber-plugin\7.15.0\cucumber-plugin-7.15.0.jar;C:\Users\geeta\.m2\repository\io\cucumber\docstring\7.15.0\docstring-7.15.0.jar;C:\Users\geeta\.m2\repository\io\cucumber\html-formatter\20.4.0\html-formatter-20.4.0.jar;C:\Users\geeta\.m2\repository\io\cucumber\junit-xml-formatter\0.2.0\junit-xml-formatter-0.2.0.jar;C:\Users\geeta\.m2\repository\io\cucumber\ci-environment\10.0.0\ci-environment-10.0.0.jar;C:\Users\geeta\.m2\repository\org\apiguardian\apiguardian-api\1.1.2\apiguardian-api-1.1.2.jar;C:\Users\geeta\.m2\repository\org\seleniumhq\selenium\selenium-java\4.16.1\selenium-java-4.16.1.jar;C:\Users\geeta\.m2\repository\org\seleniumhq\selenium\selenium-api\4.16.1\selenium-api-4.16.1.jar;C:\Users\geeta\.m2\repository\org\seleniumhq\selenium\selenium-chrome-driver\4.16.1\selenium-chrome-driver-4.16.1.jar;C:\Users\geeta\.m2\repository\com\google\auto\service\auto-service-annotations\1.1.1\auto-service-annotations-1.1.1.jar;C:\Users\geeta\.m2\repository\org\seleniumhq\selenium\selenium-chromium-driver\4.16.1\selenium-chromium-driver-4.16.1.jar;C:\Users\geeta\.m2\repository\org\seleniumhq\selenium\selenium-json\4.16.1\selenium-json-4.16.1.jar;C:\Users\geeta\.m2\repository\org\seleniumhq\selenium\selenium-manager\4.16.1\selenium-manager-4.16.1.jar;C:\Users\geeta\.m2\repository\org\seleniumhq\selenium\selenium-devtools-v118\4.16.1\selenium-devtools-v118-4.16.1.jar;C:\Users\geeta\.m2\repository\org\seleniumhq\selenium\selenium-devtools-v119\4.16.1\selenium-devtools-v119-4.16.1.jar;C:\Users\geeta\.m2\repository\org\seleniumhq\selenium\selenium-devtools-v120\4.16.1\selenium-devtools-v120-4.16.1.jar;C:\Users\geeta\.m2\repository\org\seleniumhq\selenium\selenium-devtools-v85\4.16.1\selenium-devtools-v85-4.16.1.jar;C:\Users\geeta\.m2\repository\org\seleniumhq\selenium\selenium-edge-driver\4.16.1\selenium-edge-driver-4.16.1.jar;C:\Users\geeta\.m2\repository\org\seleniumhq\selenium\selenium-firefox-driver\4.16.1\selenium-firefox-driver-4.16.1.jar;C:\Users\geeta\.m2\repository\org\seleniumhq\selenium\selenium-http\4.16.1\selenium-http-4.16.1.jar;C:\Users\geeta\.m2\repository\dev\failsafe\failsafe\3.3.2\failsafe-3.3.2.jar;C:\Users\geeta\.m2\repository\org\seleniumhq\selenium\selenium-ie-driver\4.16.1\selenium-ie-driver-4.16.1.jar;C:\Users\geeta\.m2\repository\org\seleniumhq\selenium\selenium-remote-driver\4.16.1\selenium-remote-driver-4.16.1.jar;C:\Users\geeta\.m2\repository\com\google\guava\guava\32.1.2-jre\guava-32.1.2-jre.jar;C:\Users\geeta\.m2\repository\com\google\guava\failureaccess\1.0.1\failureaccess-1.0.1.jar;C:\Users\geeta\.m2\repository\com\google\guava\listenablefuture\9999.0-empty-to-avoid-conflict-with-guava\listenablefuture-9999.0-empty-to-avoid-conflict-with-guava.jar;C:\Users\geeta\.m2\repository\com\google\code\findbugs\jsr305\3.0.2\jsr305-3.0.2.jar;C:\Users\geeta\.m2\repository\org\checkerframework\checker-qual\3.33.0\checker-qual-3.33.0.jar;C:\Users\geeta\.m2\repository\com\google\errorprone\error_prone_annotations\2.18.0\error_prone_annotations-2.18.0.jar;C:\Users\geeta\.m2\repository\com\google\j2objc\j2objc-annotations\2.8\j2objc-annotations-2.8.jar;C:\Users\geeta\.m2\repository\io\opentelemetry\opentelemetry-api\1.28.0\opentelemetry-api-1.28.0.jar;C:\Users\geeta\.m2\repository\io\opentelemetry\opentelemetry-context\1.28.0\opentelemetry-context-1.28.0.jar;C:\Users\geeta\.m2\repository\io\opentelemetry\opentelemetry-exporter-logging\1.28.0\opentelemetry-exporter-logging-1.28.0.jar;C:\Users\geeta\.m2\repository\io\opentelemetry\opentelemetry-sdk-metrics\1.28.0\opentelemetry-sdk-metrics-1.28.0.jar;C:\Users\geeta\.m2\repository\io\opentelemetry\opentelemetry-extension-incubator\1.28.0-alpha\opentelemetry-extension-incubator-1.28.0-alpha.jar;C:\Users\geeta\.m2\repository\io\opentelemetry\opentelemetry-sdk-logs\1.28.0\opentelemetry-sdk-logs-1.28.0.jar;C:\Users\geeta\.m2\repository\io\opentelemetry\opentelemetry-sdk-common\1.28.0\opentelemetry-sdk-common-1.28.0.jar;C:\Users\geeta\.m2\repository\io\opentelemetry\opentelemetry-sdk-extension-autoconfigure-spi\1.28.0\opentelemetry-sdk-extension-autoconfigure-spi-1.28.0.jar;C:\Users\geeta\.m2\repository\io\opentelemetry\opentelemetry-sdk-extension-autoconfigure\1.28.0\opentelemetry-sdk-extension-autoconfigure-1.28.0.jar;C:\Users\geeta\.m2\repository\io\opentelemetry\opentelemetry-api-events\1.28.0-alpha\opentelemetry-api-events-1.28.0-alpha.jar;C:\Users\geeta\.m2\repository\io\opentelemetry\opentelemetry-sdk-trace\1.28.0\opentelemetry-sdk-trace-1.28.0.jar;C:\Users\geeta\.m2\repository\io\opentelemetry\opentelemetry-sdk\1.28.0\opentelemetry-sdk-1.28.0.jar;C:\Users\geeta\.m2\repository\io\opentelemetry\opentelemetry-semconv\1.28.0-alpha\opentelemetry-semconv-1.28.0-alpha.jar;C:\Users\geeta\.m2\repository\net\bytebuddy\byte-buddy\1.14.5\byte-buddy-1.14.5.jar;C:\Users\geeta\.m2\repository\org\seleniumhq\selenium\selenium-os\4.16.1\selenium-os-4.16.1.jar;C:\Users\geeta\.m2\repository\org\apache\commons\commons-exec\1.3\commons-exec-1.3.jar;C:\Users\geeta\.m2\repository\org\seleniumhq\selenium\selenium-safari-driver\4.16.1\selenium-safari-driver-4.16.1.jar;C:\Users\geeta\.m2\repository\org\seleniumhq\selenium\selenium-support\4.16.1\selenium-support-4.16.1.jar;C:\Users\geeta\.m2\repository\io\cucumber\cucumber-testng\7.15.0\cucumber-testng-7.15.0.jar;C:\Users\geeta\.m2\repository\io\cucumber\cucumber-picocontainer\7.18.0\cucumber-picocontainer-7.18.0.jar;C:\Users\geeta\.m2\repository\org\picocontainer\picocontainer\2.15\picocontainer-2.15.jar;C:\Users\geeta\.m2\repository\org\testng\testng\7.7.1\testng-7.7.1.jar;C:\Users\geeta\.m2\repository\org\slf4j\slf4j-api\1.7.36\slf4j-api-1.7.36.jar;C:\Users\geeta\.m2\repository\com\beust\jcommander\1.82\jcommander-1.82.jar;C:\Users\geeta\.m2\repository\org\webjars\jquery\3.6.1\jquery-3.6.1.jar;C:\Users\geeta\.m2\repository\io\github\bonigarcia\webdrivermanager\5.6.2\webdrivermanager-5.6.2.jar;C:\Users\geeta\.m2\repository\com\google\code\gson\gson\2.10.1\gson-2.10.1.jar;C:\Users\geeta\.m2\repository\com\github\docker-java\docker-java\3.3.4\docker-java-3.3.4.jar;C:\Users\geeta\.m2\repository\com\github\docker-java\docker-java-core\3.3.4\docker-java-core-3.3.4.jar;C:\Users\geeta\.m2\repository\com\github\docker-java\docker-java-api\3.3.4\docker-java-api-3.3.4.jar;C:\Users\geeta\.m2\repository\com\fasterxml\jackson\core\jackson-annotations\2.10.3\jackson-annotations-2.10.3.jar;C:\Users\geeta\.m2\repository\com\fasterxml\jackson\core\jackson-databind\2.10.3\jackson-databind-2.10.3.jar;C:\Users\geeta\.m2\repository\com\fasterxml\jackson\core\jackson-core\2.10.3\jackson-core-2.10.3.jar;C:\Users\geeta\.m2\repository\org\bouncycastle\bcpkix-jdk18on\1.76\bcpkix-jdk18on-1.76.jar;C:\Users\geeta\.m2\repository\org\bouncycastle\bcprov-jdk18on\1.76\bcprov-jdk18on-1.76.jar;C:\Users\geeta\.m2\repository\org\bouncycastle\bcutil-jdk18on\1.76\bcutil-jdk18on-1.76.jar;C:\Users\geeta\.m2\repository\org\slf4j\jcl-over-slf4j\1.7.30\jcl-over-slf4j-1.7.30.jar;C:\Users\geeta\.m2\repository\com\github\docker-java\docker-java-transport-httpclient5\3.3.4\docker-java-transport-httpclient5-3.3.4.jar;C:\Users\geeta\.m2\repository\com\github\docker-java\docker-java-transport\3.3.4\docker-java-transport-3.3.4.jar;C:\Users\geeta\.m2\repository\net\java\dev\jna\jna\5.13.0\jna-5.13.0.jar;C:\Users\geeta\.m2\repository\org\brotli\dec\0.1.2\dec-0.1.2.jar;C:\Users\geeta\.m2\repository\org\apache\commons\commons-lang3\3.13.0\commons-lang3-3.13.0.jar;C:\Users\geeta\.m2\repository\org\apache\commons\commons-compress\1.24.0\commons-compress-1.24.0.jar;C:\Users\geeta\.m2\repository\org\apache\httpcomponents\client5\httpclient5\5.2.1\httpclient5-5.2.1.jar;C:\Users\geeta\.m2\repository\org\apache\httpcomponents\core5\httpcore5\5.2\httpcore5-5.2.jar;C:\Users\geeta\.m2\repository\org\apache\httpcomponents\core5\httpcore5-h2\5.2\httpcore5-h2-5.2.jar;C:\Users\geeta\.m2\repository\com\aventstack\extentreports\5.0.9\extentreports-5.0.9.jar;C:\Users\geeta\.m2\repository\io\reactivex\rxjava3\rxjava\3.0.4\rxjava-3.0.4.jar;C:\Users\geeta\.m2\repository\org\reactivestreams\reactive-streams\1.0.3\reactive-streams-1.0.3.jar;C:\Users\geeta\.m2\repository\org\freemarker\freemarker\2.3.30\freemarker-2.3.30.jar;C:\Users\geeta\.m2\repository\org\projectlombok\lombok\1.18.12\lombok-1.18.12.jar;C:\Users\geeta\.m2\repository\tech\grasshopper\extentreports-cucumber7-adapter\1.13.0\extentreports-cucumber7-adapter-1.13.0.jar;C:\Users\geeta\.m2\repository\com\aventstack\klov-reporter\5.0.9\klov-reporter-5.0.9.jar;C:\Users\geeta\.m2\repository\org\mongodb\mongodb-driver\3.6.4\mongodb-driver-3.6.4.jar;C:\Users\geeta\.m2\repository\org\mongodb\mongodb-driver-core\3.6.4\mongodb-driver-core-3.6.4.jar;C:\Users\geeta\.m2\repository\org\mongodb\bson\3.6.4\bson-3.6.4.jar;C:\Users\geeta\.m2\repository\org\apache\httpcomponents\httpclient\4.5.13\httpclient-4.5.13.jar;C:\Users\geeta\.m2\repository\org\apache\httpcomponents\httpcore\4.4.13\httpcore-4.4.13.jar;C:\Users\geeta\.m2\repository\commons-logging\commons-logging\1.2\commons-logging-1.2.jar;C:\Users\geeta\.m2\repository\commons-codec\commons-codec\1.11\commons-codec-1.11.jar;C:\Users\geeta\.m2\repository\org\apache\httpcomponents\httpmime\4.5.13\httpmime-4.5.13.jar;C:\Users\geeta\.m2\repository\tech\grasshopper\htmlextentreporter\1.0.1\htmlextentreporter-1.0.1.jar;C:\Users\geeta\.m2\repository\tech\grasshopper\extent-excel-report\1.3.0\extent-excel-report-1.3.0.jar;C:\Users\geeta\.m2\repository\org\apache\poi\poi\5.2.3\poi-5.2.3.jar;C:\Users\geeta\.m2\repository\org\apache\commons\commons-collections4\4.4\commons-collections4-4.4.jar;C:\Users\geeta\.m2\repository\org\apache\commons\commons-math3\3.6.1\commons-math3-3.6.1.jar;C:\Users\geeta\.m2\repository\com\zaxxer\SparseBitSet\1.2\SparseBitSet-1.2.jar;C:\Users\geeta\.m2\repository\org\apache\logging\log4j\log4j-api\2.18.0\log4j-api-2.18.0.jar;C:\Users\geeta\.m2\repository\org\apache\poi\poi-ooxml\5.2.3\poi-ooxml-5.2.3.jar;C:\Users\geeta\.m2\repository\org\apache\poi\poi-ooxml-lite\5.2.3\poi-ooxml-lite-5.2.3.jar;C:\Users\geeta\.m2\repository\org\apache\xmlbeans\xmlbeans\5.1.1\xmlbeans-5.1.1.jar;C:\Users\geeta\.m2\repository\com\github\virtuald\curvesapi\1.07\curvesapi-1.07.jar;C:\Users\geeta\.m2\repository\tech\grasshopper\extent-pdf-report\2.11.0\extent-pdf-report-2.11.0.jar;C:\Users\geeta\.m2\repository\tech\grasshopper\cucumber-pdf-report\2.13.0\cucumber-pdf-report-2.13.0.jar;C:\Users\geeta\.m2\repository\org\apache\pdfbox\pdfbox\2.0.26\pdfbox-2.0.26.jar;C:\Users\geeta\.m2\repository\org\apache\pdfbox\fontbox\2.0.26\fontbox-2.0.26.jar;C:\Users\geeta\.m2\repository\org\knowm\xchart\xchart\3.8.0\xchart-3.8.0.jar;C:\Users\geeta\.m2\repository\de\erichseifert\vectorgraphics2d\VectorGraphics2D\0.13\VectorGraphics2D-0.13.jar;C:\Users\geeta\.m2\repository\de\rototor\pdfbox\graphics2d\0.30\graphics2d-0.30.jar;C:\Users\geeta\.m2\repository\com\madgag\animated-gif-lib\1.4\animated-gif-lib-1.4.jar;C:\Users\geeta\.m2\repository\org\yaml\snakeyaml\2.0\snakeyaml-2.0.jar;C:\Users\geeta\.m2\repository\tech\grasshopper\table-layout\1.5.1\table-layout-1.5.1.jar;C:\Users\geeta\.m2\repository\tech\grasshopper\rest-assured-cucumber-pdf-report\1.4.1\rest-assured-cucumber-pdf-report-1.4.1.jar;C:\Users\geeta\.m2\repository\org\jsoup\jsoup\1.15.3\jsoup-1.15.3.jar;C:\Users\geeta\.m2\repository\commons-io\commons-io\2.16.1\commons-io-2.16.1.jar;C:\Users\geeta\.m2\repository\io\qameta\allure\allure-cucumber7-jvm\2.25.0\allure-cucumber7-jvm-2.25.0.jar;C:\Users\geeta\.m2\repository\io\qameta\allure\allure-java-commons\2.25.0\allure-java-commons-2.25.0.jar;C:\Users\geeta\.m2\repository\io\qameta\allure\allure-model\2.25.0\allure-model-2.25.0.jar;C:\Users\geeta\.m2\repository\io\cucumber\gherkin\26.2.0\gherkin-26.2.0.jar;C:\Users\geeta\.m2\repository\io\qameta\allure\allure-testng\2.25.0\allure-testng-2.25.0.jar;C:\Users\geeta\.m2\repository\io\qameta\allure\allure-test-filter\2.25.0\allure-test-filter-2.25.0.jar;"/>
    <property name="sun.cpu.endian" value="little"/>
    <property name="user.home" value="C:\Users\geeta"/>
    <property name="user.language" value="en"/>
    <property name="java.specification.vendor" value="Oracle Corporation"/>
    <property name="java.version.date" value="2023-04-18"/>
    <property name="java.home" value="C:\Program Files\Java\jdk-17"/>
    <property name="file.separator" value="\"/>
    <property name="basedir" value="C:\Users\geeta\OneDrive\Desktop\RSA\DSAlgoProject"/>
    <property name="java.vm.compressedOopsMode" value="Zero based"/>
    <property name="line.separator" value="&#10;"/>
    <property name="java.vm.specification.vendor" value="Oracle Corporation"/>
    <property name="java.specification.name" value="Java Platform API Specification"/>
    <property name="surefire.real.class.path" value="C:\Users\geeta\AppData\Local\Temp\surefire17910799626276764580\surefirebooter-20240610101658938_3.jar"/>
    <property name="user.script" value=""/>
    <property name="sun.management.compiler" value="HotSpot 64-Bit Tiered Compilers"/>
    <property name="java.runtime.version" value="17.0.7+8-LTS-224"/>
    <property name="user.name" value="geeta"/>
    <property name="path.separator" value=";"/>
    <property name="os.version" value="10.0"/>
    <property name="java.runtime.name" value="Java(TM) SE Runtime Environment"/>
    <property name="file.encoding" value="Cp1252"/>
    <property name="browser" value="firefox"/>
    <property name="java.vm.name" value="Java HotSpot(TM) 64-Bit Server VM"/>
    <property name="localRepository" value="C:\Users\geeta\.m2\repository"/>
    <property name="java.vendor.url.bug" value="https://bugreport.java.com/bugreport/"/>
    <property name="java.io.tmpdir" value="C:\Users\geeta\AppData\Local\Temp\"/>
    <property name="java.version" value="17.0.7"/>
    <property name="user.dir" value="C:\Users\geeta\OneDrive\Desktop\RSA\DSAlgoProject"/>
    <property name="os.arch" value="amd64"/>
    <property name="java.vm.specification.name" value="Java Virtual Machine Specification"/>
    <property name="sun.os.patch.level" value=""/>
    <property name="native.encoding" value="Cp1252"/>
    <property name="java.library.path" value="C:\Program Files\Java\jdk-17\bin;C:\WINDOWS\Sun\Java\bin;C:\WINDOWS\system32;C:\WINDOWS;C:\Program Files\Common Files\Oracle\Java\javapath;C:\Program Files\Python310\Scripts\;C:\Program Files\Python310\;C:\WINDOWS\system32;C:\WINDOWS;C:\WINDOWS\System32\Wbem;C:\WINDOWS\System32\WindowsPowerShell\v1.0\;C:\WINDOWS\System32\OpenSSH\;C:\Program Files\allure-2.24.1\bin;C:\Program Files (x86)\gnupg\bin;C:\Program Files\PuTTY\;C:\Program Files\Java\Script;C:\Program Files\JetBrains\PyCharm Community Edition 2022.1.3\bin;C:\Program Files\apache-maven-3.9.5\bin;C:\Program Files\Git\cmd;C:\Program Files\Java\jdk-17\bin;C:\Program Files\nodejs\;C:\Program Files (x86)\dotnet\;C:\Program Files\MySQL\MySQL Shell 8.0\bin\;C:\Users\geeta\scoop\shims;C:\Users\geeta\AppData\Local\Microsoft\WindowsApps;C:\Users\geeta\AppData\Local\GitHubDesktop\bin;C:\Program Files\Java\jdk-11.0.15.1\bin;C:\Program Files\JetBrains\PyCharm Community Edition 2022.1.3\bin;;C:\Users\geeta\AppData\Local\Programs\Python\Python311;C:\Users\geeta\AppData\Local\Programs\Python\Python311\Scripts;;C:\Users\geeta\AppData\Local\Programs\Microsoft VS Code\bin;C:\Users\geeta\AppData\Roaming\npm;."/>
    <property name="java.vm.info" value="mixed mode, sharing"/>
    <property name="java.vendor" value="Oracle Corporation"/>
    <property name="java.vm.version" value="17.0.7+8-LTS-224"/>
    <property name="sun.io.unicode.encoding" value="UnicodeLittle"/>
    <property name="java.class.version" value="61.0"/>
  </properties>
  <testcase name="setUpClass[org.testng.TestRunner@2c282004](0)" classname="runner.TestRunner" time="0.945">
    <failure message="path must exist: C:\DSAlgoProject\src\test\java\features" type="java.lang.IllegalArgumentException"><![CDATA[java.lang.IllegalArgumentException: path must exist: C:\DSAlgoProject\src\test\java\features
	at io.cucumber.core.resource.PathScanner.findResourcesForPath(PathScanner.java:49)
	at io.cucumber.core.resource.PathScanner.findResourcesForUri(PathScanner.java:31)
	at io.cucumber.core.resource.ResourceScanner.findResourcesForUri(ResourceScanner.java:61)
	at io.cucumber.core.resource.ResourceScanner.scanForResourcesUri(ResourceScanner.java:134)
	at io.cucumber.core.runtime.FeaturePathFeatureSupplier.loadFeatures(FeaturePathFeatureSupplier.java:62)
	at io.cucumber.core.runtime.FeaturePathFeatureSupplier.get(FeaturePathFeatureSupplier.java:45)
	at io.cucumber.testng.TestNGCucumberRunner.<init>(TestNGCucumberRunner.java:122)
	at io.cucumber.testng.AbstractTestNGCucumberTests.setUpClass(AbstractTestNGCucumberTests.java:27)
	at java.base/jdk.internal.reflect.NativeMethodAccessorImpl.invoke0(Native Method)
	at java.base/jdk.internal.reflect.NativeMethodAccessorImpl.invoke(NativeMethodAccessorImpl.java:77)
	at java.base/jdk.internal.reflect.DelegatingMethodAccessorImpl.invoke(DelegatingMethodAccessorImpl.java:43)
	at java.base/java.lang.reflect.Method.invoke(Method.java:568)
	at org.testng.internal.invokers.MethodInvocationHelper.invokeMethod(MethodInvocationHelper.java:139)
	at org.testng.internal.invokers.MethodInvocationHelper.invokeMethodConsideringTimeout(MethodInvocationHelper.java:69)
	at org.testng.internal.invokers.ConfigInvoker.invokeConfigurationMethod(ConfigInvoker.java:361)
	at org.testng.internal.invokers.ConfigInvoker.invokeConfigurations(ConfigInvoker.java:296)
	at org.testng.internal.invokers.TestMethodWorker.invokeBeforeClassMethods(TestMethodWorker.java:180)
	at org.testng.internal.invokers.TestMethodWorker.run(TestMethodWorker.java:122)
	at java.base/java.util.ArrayList.forEach(ArrayList.java:1511)
	at org.testng.TestRunner.privateRun(TestRunner.java:829)
	at org.testng.TestRunner.run(TestRunner.java:602)
	at org.testng.SuiteRunner.runTest(SuiteRunner.java:437)
	at org.testng.SuiteRunner.runSequentially(SuiteRunner.java:431)
	at org.testng.SuiteRunner.privateRun(SuiteRunner.java:391)
	at org.testng.SuiteRunner.run(SuiteRunner.java:330)
	at org.testng.SuiteRunnerWorker.runSuite(SuiteRunnerWorker.java:52)
	at org.testng.SuiteRunnerWorker.run(SuiteRunnerWorker.java:95)
	at org.testng.TestNG.runSuitesSequentially(TestNG.java:1256)
	at org.testng.TestNG.runSuitesLocally(TestNG.java:1176)
	at org.testng.TestNG.runSuites(TestNG.java:1099)
	at org.testng.TestNG.run(TestNG.java:1067)
	at org.apache.maven.surefire.testng.TestNGExecutor.run(TestNGExecutor.java:155)
	at org.apache.maven.surefire.testng.TestNGDirectoryTestSuite.executeMulti(TestNGDirectoryTestSuite.java:169)
	at org.apache.maven.surefire.testng.TestNGDirectoryTestSuite.execute(TestNGDirectoryTestSuite.java:88)
	at org.apache.maven.surefire.testng.TestNGProvider.invoke(TestNGProvider.java:137)
	at org.apache.maven.surefire.booter.ForkedBooter.runSuitesInProcess(ForkedBooter.java:385)
	at org.apache.maven.surefire.booter.ForkedBooter.execute(ForkedBooter.java:162)
	at org.apache.maven.surefire.booter.ForkedBooter.run(ForkedBooter.java:507)
	at org.apache.maven.surefire.booter.ForkedBooter.main(ForkedBooter.java:495)
]]></failure>
    <system-err><![CDATA[SLF4J: Failed to load class "org.slf4j.impl.StaticLoggerBinder".
SLF4J: Defaulting to no-operation (NOP) logger implementation
SLF4J: See http://www.slf4j.org/codes.html#StaticLoggerBinder for further details.
]]></system-err>
  </testcase>
</testsuite>