<?xml version="1.0" encoding="UTF-8"?>
<!-- Generated by org.testng.reporters.JUnitReportReporter -->
<testsuite hostname="DESKTOP-MMNJMO8" failures="0" tests="1" name="runner.TestRunner" time="4.243" errors="0" timestamp="2024-06-10T09:57:03 EDT" skipped="0">
  <testcase classname="runner.TestRunner" name="runScenario" time="4.243"/>
  <system-out/>
</testsuite> <!-- runner.TestRunner -->
