<?xml version="1.0" encoding="UTF-8"?>
<!-- Generated by org.testng.reporters.JUnitReportReporter -->
<testsuite hostname="DESKTOP-MMNJMO8" failures="0" tests="1" name="runner.TestRunner" time="6.504" errors="0" timestamp="2024-06-10T15:10:50 EDT" skipped="0">
  <testcase classname="runner.TestRunner" name="runScenario" time="6.504"/>
  <system-out/>
</testsuite> <!-- runner.TestRunner -->
